accent adjutant
alton house
anna felt
anna kavan
anthony quested
anyone else
anything else
anywhere near
arab horse
art master
art school
ﬂat roof
ﬂattens colossally
aurora borealis
bad temper
banana trees
barbed wire
beech woods
big man
big powers
blue carpet
blue eyes
blue hills
bottom drawer
boy said
bubbling mess
cargo boat
carolina club
caught sight
certain amount
charmed circle
cherry tree
chief clerk
chief cybernetics
circle chapter
clanging bells
clay pictures
clenched fist
cold wind
colossally underfoot
come back
coming nearer
could feel
could hardly
could see
cybernetics consultant
dancing master
dead spot
death instinct
dining hall
dirwaza khan
distinctive dress
dog head
dressing gown
early morning
electric shock
english doctor
escaping steam
ethelbert place
ever since
fair hair
far away
farmer hugh
fever bird
fever birds
first time
forest trees
front door
fur coat
george west
gerald gill
get away
get rid
good deal
good heavens
good humour
good looks
grey beard
grey coat
grey eyes
grey hooded
gym mistress
hardly believe
hazel eyes
heyward bland
high city
high house
hooded coat
hope deferred
hubert byrne
human beings
hurrying along
iarmed circle
immediately afterwards
james forrester
kluge hans
knowing whether
lazy dog
liaison ofﬁcer
liaison officer
lime tree
little girl
loden coat
long ago
long time
mad dog
martin lewison
master stroke
matthew kavan
middle ages
miss aguilar
misses newsom
miss graham
miss wilson
mocking bird
mohammed dirwaza
molly aguilar
mosquito net
mountain slopes
much longer
muttered conference
naive optimism
narciso valesco
new york
next moment
nothing else
nudist colony
old ladies
old lady
old man
old vicarage
one another
open space
palm leaves
palm tree
partnership agreement
pear tree
permanent chief
picnic lunch
porcupine quills
port authorities
port said
quite different
quite near
rachel fielding
rapid develop
rat game
red carnation
refused admittance
revolution avenue
river house
said anna
said nothing
says nothing
single fly
sir edward
sitting beside
six months
slaughter house
somebody else
starling hill
stranger sprang
stranger still
straw hat
suede boots
summer evening
swung round
taken aback
thank goodness
third ofﬁcer
third officer
thomas bow
three months
tiny thing
tony quested
treacherous patches
tropical island
tube station
two doctors
two girls
university accent
unobtrusive helpfulness
unseen person
ﬂuttering fans
vaguely familiar
ﬁve minutes
verse burgeons
ward six
white turban
wide open
william lewison
wondered whether
worcester road
would never
yellow submarine
young girl
young man
young trackers
